2018-08-01 07:02:42,039 INFO 2728 [egg-logrotator] app logger reload: got log-reload message
2018-08-01 10:30:21,612 INFO 3486 [egg:logger] init all loggers with options: {"dir":"/Users/wanglulu/Desktop/website/h5-editor/server/logs/server","encoding":"utf8","env":"local","level":"INFO","consoleLevel":"INFO","disableConsoleAfterReady":false,"outputJSON":false,"buffer":true,"appLogName":"server-web.log","coreLogName":"egg-web.log","agentLogName":"egg-agent.log","errorLogName":"common-error.log","coreLogger":{"consoleLevel":"WARN"},"allowDebugAtProd":false,"type":"application"}
2018-08-01 10:30:21,648 INFO 3486 [egg-schedule]: register schedule /Users/wanglulu/Desktop/website/h5-editor/server/node_modules/egg-logrotator/app/schedule/clean_log.js
2018-08-01 10:30:21,648 INFO 3486 [egg-schedule]: register schedule /Users/wanglulu/Desktop/website/h5-editor/server/node_modules/egg-logrotator/app/schedule/rotate_by_file.js
2018-08-01 10:30:21,827 INFO 3486 [egg-static] starting static serve /public/ -> /Users/wanglulu/Desktop/website/h5-editor/server/app/public
2018-08-01 10:30:21,858 INFO 3486 [egg-security] use csrf middleware
2018-08-01 10:30:21,868 INFO 3486 [egg-security] use methodnoallow middleware
2018-08-01 10:30:21,882 INFO 3486 [egg-security] use noopen middleware
2018-08-01 10:30:21,882 INFO 3486 [egg-security] use nosniff middleware
2018-08-01 10:30:21,891 INFO 3486 [egg-security] use xssProtection middleware
2018-08-01 10:30:21,903 INFO 3486 [egg-security] use xframe middleware
2018-08-01 10:30:21,913 INFO 3486 [egg-security] use dta middleware
2018-08-01 10:30:21,913 INFO 3486 [egg-security] compose 7 middlewares into one security middleware
2018-08-01 10:30:21,992 INFO 3486 [egg:core] dump config after load, 3ms
2018-08-01 10:30:22,004 INFO 3486 [egg-watcher:app] watcher start success
2018-08-01 10:30:22,013 INFO 3486 [egg:core] dump config after ready, 3ms
2018-08-01 10:30:32,480 INFO 3486 [egg-view-nunjucks] loading templates from ["/Users/wanglulu/Desktop/website/h5-editor/server/app/view"]
2018-08-01 11:10:33,617 WARN 3486 [ClusterClient:Watcher] follower closed, and try to init it again
2018-08-01 11:26:09,905 INFO 3540 [egg:logger] init all loggers with options: {"dir":"/Users/wanglulu/Desktop/website/h5-editor/server/logs/server","encoding":"utf8","env":"local","level":"INFO","consoleLevel":"INFO","disableConsoleAfterReady":false,"outputJSON":false,"buffer":true,"appLogName":"server-web.log","coreLogName":"egg-web.log","agentLogName":"egg-agent.log","errorLogName":"common-error.log","coreLogger":{"consoleLevel":"WARN"},"allowDebugAtProd":false,"type":"application"}
2018-08-01 11:26:10,097 INFO 3540 [egg-schedule]: register schedule /Users/wanglulu/Desktop/website/h5-editor/server/node_modules/egg-logrotator/app/schedule/clean_log.js
2018-08-01 11:26:10,097 INFO 3540 [egg-schedule]: register schedule /Users/wanglulu/Desktop/website/h5-editor/server/node_modules/egg-logrotator/app/schedule/rotate_by_file.js
2018-08-01 11:26:10,555 INFO 3540 [egg-static] starting static serve /public/ -> /Users/wanglulu/Desktop/website/h5-editor/server/app/public
2018-08-01 11:26:10,567 INFO 3540 [egg-security] use csrf middleware
2018-08-01 11:26:10,578 INFO 3540 [egg-security] use methodnoallow middleware
2018-08-01 11:26:10,580 INFO 3540 [egg-security] use noopen middleware
2018-08-01 11:26:10,581 INFO 3540 [egg-security] use nosniff middleware
2018-08-01 11:26:10,590 INFO 3540 [egg-security] use xssProtection middleware
2018-08-01 11:26:10,602 INFO 3540 [egg-security] use xframe middleware
2018-08-01 11:26:10,611 INFO 3540 [egg-security] use dta middleware
2018-08-01 11:26:10,611 INFO 3540 [egg-security] compose 7 middlewares into one security middleware
2018-08-01 11:26:10,698 INFO 3540 [egg:core] dump config after load, 34ms
2018-08-01 11:26:10,708 INFO 3540 [egg-watcher:app] watcher start success
2018-08-01 11:26:10,723 INFO 3540 [egg:core] dump config after ready, 4ms
2018-08-01 11:26:12,287 INFO 3540 [egg-view-nunjucks] loading templates from ["/Users/wanglulu/Desktop/website/h5-editor/server/app/view"]
2018-08-01 15:10:11,343 INFO 3681 [egg:logger] init all loggers with options: {"dir":"/Users/wanglulu/Desktop/website/h5-editor/server/logs/server","encoding":"utf8","env":"local","level":"INFO","consoleLevel":"INFO","disableConsoleAfterReady":false,"outputJSON":false,"buffer":true,"appLogName":"server-web.log","coreLogName":"egg-web.log","agentLogName":"egg-agent.log","errorLogName":"common-error.log","coreLogger":{"consoleLevel":"WARN"},"allowDebugAtProd":false,"type":"application"}
2018-08-01 15:10:11,490 INFO 3681 [egg-schedule]: register schedule /Users/wanglulu/Desktop/website/h5-editor/server/node_modules/egg-logrotator/app/schedule/clean_log.js
2018-08-01 15:10:11,490 INFO 3681 [egg-schedule]: register schedule /Users/wanglulu/Desktop/website/h5-editor/server/node_modules/egg-logrotator/app/schedule/rotate_by_file.js
2018-08-01 15:10:12,093 INFO 3681 [egg-static] starting static serve /public/ -> /Users/wanglulu/Desktop/website/h5-editor/server/app/public
2018-08-01 15:10:12,105 INFO 3681 [egg-security] use csrf middleware
2018-08-01 15:10:12,116 INFO 3681 [egg-security] use methodnoallow middleware
2018-08-01 15:10:12,129 INFO 3681 [egg-security] use noopen middleware
2018-08-01 15:10:12,130 INFO 3681 [egg-security] use nosniff middleware
2018-08-01 15:10:12,139 INFO 3681 [egg-security] use xssProtection middleware
2018-08-01 15:10:12,151 INFO 3681 [egg-security] use xframe middleware
2018-08-01 15:10:12,171 INFO 3681 [egg-security] use dta middleware
2018-08-01 15:10:12,171 INFO 3681 [egg-security] compose 7 middlewares into one security middleware
2018-08-01 15:10:12,192 INFO 3681 [egg:core] dump config after load, 17ms
2018-08-01 15:10:12,203 INFO 3681 [egg-watcher:app] watcher start success
2018-08-01 15:10:12,239 INFO 3681 [egg:core] dump config after ready, 4ms
2018-08-01 15:11:00,756 INFO 3682 [egg:logger] init all loggers with options: {"dir":"/Users/wanglulu/Desktop/website/h5-editor/server/logs/server","encoding":"utf8","env":"local","level":"INFO","consoleLevel":"INFO","disableConsoleAfterReady":false,"outputJSON":false,"buffer":true,"appLogName":"server-web.log","coreLogName":"egg-web.log","agentLogName":"egg-agent.log","errorLogName":"common-error.log","coreLogger":{"consoleLevel":"WARN"},"allowDebugAtProd":false,"type":"application"}
2018-08-01 15:11:00,792 INFO 3682 [egg-schedule]: register schedule /Users/wanglulu/Desktop/website/h5-editor/server/node_modules/egg-logrotator/app/schedule/clean_log.js
2018-08-01 15:11:00,792 INFO 3682 [egg-schedule]: register schedule /Users/wanglulu/Desktop/website/h5-editor/server/node_modules/egg-logrotator/app/schedule/rotate_by_file.js
2018-08-01 15:11:00,831 INFO 3682 [egg-static] starting static serve /public/ -> /Users/wanglulu/Desktop/website/h5-editor/server/app/public
2018-08-01 15:11:00,833 INFO 3682 [egg-security] use csrf middleware
2018-08-01 15:11:00,834 INFO 3682 [egg-security] use methodnoallow middleware
2018-08-01 15:11:00,834 INFO 3682 [egg-security] use noopen middleware
2018-08-01 15:11:00,834 INFO 3682 [egg-security] use nosniff middleware
2018-08-01 15:11:00,835 INFO 3682 [egg-security] use xssProtection middleware
2018-08-01 15:11:00,835 INFO 3682 [egg-security] use xframe middleware
2018-08-01 15:11:00,835 INFO 3682 [egg-security] use dta middleware
2018-08-01 15:11:00,835 INFO 3682 [egg-security] compose 7 middlewares into one security middleware
2018-08-01 15:11:00,845 INFO 3682 [egg:core] dump config after load, 4ms
2018-08-01 15:11:00,861 INFO 3682 [egg-watcher:app] watcher start success
2018-08-01 15:11:00,866 INFO 3682 [egg:core] dump config after ready, 3ms
2018-08-01 15:28:26,212 INFO 3720 [egg:logger] init all loggers with options: {"dir":"/Users/wanglulu/Desktop/website/h5-editor/server/logs/server","encoding":"utf8","env":"local","level":"INFO","consoleLevel":"INFO","disableConsoleAfterReady":false,"outputJSON":false,"buffer":true,"appLogName":"server-web.log","coreLogName":"egg-web.log","agentLogName":"egg-agent.log","errorLogName":"common-error.log","coreLogger":{"consoleLevel":"WARN"},"allowDebugAtProd":false,"type":"application"}
2018-08-01 15:28:26,248 INFO 3720 [egg-schedule]: register schedule /Users/wanglulu/Desktop/website/h5-editor/server/node_modules/egg-logrotator/app/schedule/clean_log.js
2018-08-01 15:28:26,248 INFO 3720 [egg-schedule]: register schedule /Users/wanglulu/Desktop/website/h5-editor/server/node_modules/egg-logrotator/app/schedule/rotate_by_file.js
2018-08-01 15:28:26,284 INFO 3720 [egg-static] starting static serve /public/ -> /Users/wanglulu/Desktop/website/h5-editor/server/app/public
2018-08-01 15:28:26,286 INFO 3720 [egg-security] use csrf middleware
2018-08-01 15:28:26,287 INFO 3720 [egg-security] use methodnoallow middleware
2018-08-01 15:28:26,287 INFO 3720 [egg-security] use noopen middleware
2018-08-01 15:28:26,288 INFO 3720 [egg-security] use nosniff middleware
2018-08-01 15:28:26,288 INFO 3720 [egg-security] use xssProtection middleware
2018-08-01 15:28:26,288 INFO 3720 [egg-security] use xframe middleware
2018-08-01 15:28:26,289 INFO 3720 [egg-security] use dta middleware
2018-08-01 15:28:26,289 INFO 3720 [egg-security] compose 7 middlewares into one security middleware
2018-08-01 15:28:26,419 INFO 3720 [egg:core] dump config after load, 5ms
2018-08-01 15:28:26,436 INFO 3720 [egg-watcher:app] watcher start success
2018-08-01 15:28:26,452 INFO 3720 [egg:core] dump config after ready, 5ms
2018-08-01 15:28:58,401 INFO 3720 [egg-view-nunjucks] loading templates from ["/Users/wanglulu/Desktop/website/h5-editor/server/app/view"]
2018-08-01 15:31:15,016 INFO 3722 [egg:logger] init all loggers with options: {"dir":"/Users/wanglulu/Desktop/website/h5-editor/server/logs/server","encoding":"utf8","env":"local","level":"INFO","consoleLevel":"INFO","disableConsoleAfterReady":false,"outputJSON":false,"buffer":true,"appLogName":"server-web.log","coreLogName":"egg-web.log","agentLogName":"egg-agent.log","errorLogName":"common-error.log","coreLogger":{"consoleLevel":"WARN"},"allowDebugAtProd":false,"type":"application"}
2018-08-01 15:31:15,051 INFO 3722 [egg-schedule]: register schedule /Users/wanglulu/Desktop/website/h5-editor/server/node_modules/egg-logrotator/app/schedule/clean_log.js
2018-08-01 15:31:15,051 INFO 3722 [egg-schedule]: register schedule /Users/wanglulu/Desktop/website/h5-editor/server/node_modules/egg-logrotator/app/schedule/rotate_by_file.js
2018-08-01 15:31:15,087 INFO 3722 [egg-static] starting static serve /public/ -> /Users/wanglulu/Desktop/website/h5-editor/server/app/public
2018-08-01 15:31:15,089 INFO 3722 [egg-security] use csrf middleware
2018-08-01 15:31:15,090 INFO 3722 [egg-security] use methodnoallow middleware
2018-08-01 15:31:15,090 INFO 3722 [egg-security] use noopen middleware
2018-08-01 15:31:15,091 INFO 3722 [egg-security] use nosniff middleware
2018-08-01 15:31:15,091 INFO 3722 [egg-security] use xssProtection middleware
2018-08-01 15:31:15,091 INFO 3722 [egg-security] use xframe middleware
2018-08-01 15:31:15,092 INFO 3722 [egg-security] use dta middleware
2018-08-01 15:31:15,092 INFO 3722 [egg-security] compose 7 middlewares into one security middleware
2018-08-01 15:31:15,101 INFO 3722 [egg:core] dump config after load, 4ms
2018-08-01 15:31:15,118 INFO 3722 [egg-watcher:app] watcher start success
2018-08-01 15:31:15,122 INFO 3722 [egg:core] dump config after ready, 3ms
2018-08-01 15:31:26,195 INFO 3722 [egg-view-nunjucks] loading templates from ["/Users/wanglulu/Desktop/website/h5-editor/server/app/view"]
2018-08-01 15:32:26,524 INFO 3732 [egg:logger] init all loggers with options: {"dir":"/Users/wanglulu/Desktop/website/h5-editor/server/logs/server","encoding":"utf8","env":"local","level":"INFO","consoleLevel":"INFO","disableConsoleAfterReady":false,"outputJSON":false,"buffer":true,"appLogName":"server-web.log","coreLogName":"egg-web.log","agentLogName":"egg-agent.log","errorLogName":"common-error.log","coreLogger":{"consoleLevel":"WARN"},"allowDebugAtProd":false,"type":"application"}
2018-08-01 15:32:26,680 INFO 3732 [egg-schedule]: register schedule /Users/wanglulu/Desktop/website/h5-editor/server/node_modules/egg-logrotator/app/schedule/clean_log.js
2018-08-01 15:32:26,680 INFO 3732 [egg-schedule]: register schedule /Users/wanglulu/Desktop/website/h5-editor/server/node_modules/egg-logrotator/app/schedule/rotate_by_file.js
2018-08-01 15:32:27,361 INFO 3732 [egg-static] starting static serve /public/ -> /Users/wanglulu/Desktop/website/h5-editor/server/app/public
2018-08-01 15:32:27,373 INFO 3732 [egg-security] use csrf middleware
2018-08-01 15:32:27,384 INFO 3732 [egg-security] use methodnoallow middleware
2018-08-01 15:32:27,397 INFO 3732 [egg-security] use noopen middleware
2018-08-01 15:32:27,398 INFO 3732 [egg-security] use nosniff middleware
2018-08-01 15:32:27,407 INFO 3732 [egg-security] use xssProtection middleware
2018-08-01 15:32:27,419 INFO 3732 [egg-security] use xframe middleware
2018-08-01 15:32:27,451 INFO 3732 [egg-security] use dta middleware
2018-08-01 15:32:27,451 INFO 3732 [egg-security] compose 7 middlewares into one security middleware
2018-08-01 15:32:27,507 INFO 3732 [egg:core] dump config after load, 4ms
2018-08-01 15:32:27,518 INFO 3732 [egg-watcher:app] watcher start success
2018-08-01 15:32:27,552 INFO 3732 [egg:core] dump config after ready, 15ms
2018-08-01 15:32:34,235 INFO 3732 [egg-view-nunjucks] loading templates from ["/Users/wanglulu/Desktop/website/h5-editor/server/app/view"]
2018-08-01 15:34:20,818 INFO 3735 [egg:logger] init all loggers with options: {"dir":"/Users/wanglulu/Desktop/website/h5-editor/server/logs/server","encoding":"utf8","env":"local","level":"INFO","consoleLevel":"INFO","disableConsoleAfterReady":false,"outputJSON":false,"buffer":true,"appLogName":"server-web.log","coreLogName":"egg-web.log","agentLogName":"egg-agent.log","errorLogName":"common-error.log","coreLogger":{"consoleLevel":"WARN"},"allowDebugAtProd":false,"type":"application"}
2018-08-01 15:34:20,964 INFO 3735 [egg-schedule]: register schedule /Users/wanglulu/Desktop/website/h5-editor/server/node_modules/egg-logrotator/app/schedule/clean_log.js
2018-08-01 15:34:20,964 INFO 3735 [egg-schedule]: register schedule /Users/wanglulu/Desktop/website/h5-editor/server/node_modules/egg-logrotator/app/schedule/rotate_by_file.js
2018-08-01 15:34:21,545 INFO 3735 [egg-static] starting static serve /public/ -> /Users/wanglulu/Desktop/website/h5-editor/server/app/public
2018-08-01 15:34:21,557 INFO 3735 [egg-security] use csrf middleware
2018-08-01 15:34:21,567 INFO 3735 [egg-security] use methodnoallow middleware
2018-08-01 15:34:21,581 INFO 3735 [egg-security] use noopen middleware
2018-08-01 15:34:21,582 INFO 3735 [egg-security] use nosniff middleware
2018-08-01 15:34:21,590 INFO 3735 [egg-security] use xssProtection middleware
2018-08-01 15:34:21,602 INFO 3735 [egg-security] use xframe middleware
2018-08-01 15:34:21,623 INFO 3735 [egg-security] use dta middleware
2018-08-01 15:34:21,623 INFO 3735 [egg-security] compose 7 middlewares into one security middleware
2018-08-01 15:34:21,680 INFO 3735 [egg:core] dump config after load, 3ms
2018-08-01 15:34:21,689 INFO 3735 [egg-watcher:app] watcher start success
2018-08-01 15:34:21,712 INFO 3735 [egg:core] dump config after ready, 3ms
